<?xml version="1.0" encoding="UTF-8"?>
<testng-results ignored="0" total="0" passed="0" failed="0" skipped="0">
  <reporter-output>
  </reporter-output>
  <suite started-at="2023-12-14T18:47:51 IST" name="com.durgasoft.selenium_maven.AppTest" finished-at="2023-12-14T18:47:51 IST" duration-ms="32">
    <groups>
    </groups>
    <test started-at="2023-12-14T18:47:51 IST" name="Command line test" finished-at="2023-12-14T18:47:51 IST" duration-ms="32">
    </test> <!-- Command line test -->
  </suite> <!-- com.durgasoft.selenium_maven.AppTest -->
</testng-results>
